<?xml version="1.0" encoding="UTF-8"?>
<testng-results ignored="0" total="1" passed="1" failed="0" skipped="0">
  <reporter-output>
  </reporter-output>
  <suite started-at="2024-02-12T11:27:43 IST" name="Default suite" finished-at="2024-02-12T11:28:02 IST" duration-ms="19257">
    <groups>
    </groups>
    <test started-at="2024-02-12T11:27:43 IST" name="Default test" finished-at="2024-02-12T11:28:02 IST" duration-ms="19257">
      <class name="sel.DynamicDropDown">
        <test-method signature="DynamicDropdown2()[pri:0, instance:sel.DynamicDropDown@6da21078]" started-at="2024-02-12T11:27:43 IST" name="DynamicDropdown2" finished-at="2024-02-12T11:28:02 IST" duration-ms="19210" status="PASS">
          <reporter-output>
          </reporter-output>
        </test-method> <!-- DynamicDropdown2 -->
      </class> <!-- sel.DynamicDropDown -->
    </test> <!-- Default test -->
  </suite> <!-- Default suite -->
</testng-results>
